<?xml version="1.0" encoding="UTF-8"?>
<testsuite name="com.example.diamont.resources.UserResourceTest" tests="1" skipped="0" failures="0" errors="0" timestamp="2022-04-06T13:00:49" hostname="technocorp-lenovo-xiaoxin-310-15ikb-memoria-ramddr3-1600mhz" time="0.061">
  <properties/>
  <testcase name="whenCreateThenReturnCreated()" classname="com.example.diamont.resources.UserResourceTest" time="0.061"/>
  <system-out><![CDATA[10:00:43.772 [Test worker] DEBUG org.springframework.test.context.BootstrapUtils - Instantiating CacheAwareContextLoaderDelegate from class [org.springframework.test.context.cache.DefaultCacheAwareContextLoaderDelegate]
10:00:43.782 [Test worker] DEBUG org.springframework.test.context.BootstrapUtils - Instantiating BootstrapContext using constructor [public org.springframework.test.context.support.DefaultBootstrapContext(java.lang.Class,org.springframework.test.context.CacheAwareContextLoaderDelegate)]
10:00:43.835 [Test worker] DEBUG org.springframework.test.context.BootstrapUtils - Instantiating TestContextBootstrapper for test class [com.example.diamont.resources.UserResourceTest] from class [org.springframework.boot.test.context.SpringBootTestContextBootstrapper]
10:00:43.853 [Test worker] INFO org.springframework.boot.test.context.SpringBootTestContextBootstrapper - Neither @ContextConfiguration nor @ContextHierarchy found for test class [com.example.diamont.resources.UserResourceTest], using SpringBootContextLoader
10:00:43.858 [Test worker] DEBUG org.springframework.test.context.support.AbstractContextLoader - Did not detect default resource location for test class [com.example.diamont.resources.UserResourceTest]: class path resource [com/example/diamont/resources/UserResourceTest-context.xml] does not exist
10:00:43.859 [Test worker] DEBUG org.springframework.test.context.support.AbstractContextLoader - Did not detect default resource location for test class [com.example.diamont.resources.UserResourceTest]: class path resource [com/example/diamont/resources/UserResourceTestContext.groovy] does not exist
10:00:43.859 [Test worker] INFO org.springframework.test.context.support.AbstractContextLoader - Could not detect default resource locations for test class [com.example.diamont.resources.UserResourceTest]: no resource found for suffixes {-context.xml, Context.groovy}.
10:00:43.860 [Test worker] INFO org.springframework.test.context.support.AnnotationConfigContextLoaderUtils - Could not detect default configuration classes for test class [com.example.diamont.resources.UserResourceTest]: UserResourceTest does not declare any static, non-private, non-final, nested classes annotated with @Configuration.
10:00:43.923 [Test worker] DEBUG org.springframework.test.context.support.ActiveProfilesUtils - Could not find an 'annotation declaring class' for annotation type [org.springframework.test.context.ActiveProfiles] and class [com.example.diamont.resources.UserResourceTest]
10:00:44.030 [Test worker] DEBUG org.springframework.context.annotation.ClassPathScanningCandidateComponentProvider - Identified candidate component class: file [/home/technocorp/Documentos/ideaUltimate/project-diamont/build/classes/java/main/com/example/diamont/DiamontApplication.class]
10:00:44.031 [Test worker] INFO org.springframework.boot.test.context.SpringBootTestContextBootstrapper - Found @SpringBootConfiguration com.example.diamont.DiamontApplication for test class com.example.diamont.resources.UserResourceTest
10:00:44.150 [Test worker] DEBUG org.springframework.boot.test.context.SpringBootTestContextBootstrapper - @TestExecutionListeners is not present for class [com.example.diamont.resources.UserResourceTest]: using defaults.
10:00:44.151 [Test worker] INFO org.springframework.boot.test.context.SpringBootTestContextBootstrapper - Loaded default TestExecutionListener class names from location [META-INF/spring.factories]: [org.springframework.boot.test.autoconfigure.restdocs.RestDocsTestExecutionListener, org.springframework.boot.test.autoconfigure.web.client.MockRestServiceServerResetTestExecutionListener, org.springframework.boot.test.autoconfigure.web.servlet.MockMvcPrintOnlyOnFailureTestExecutionListener, org.springframework.boot.test.autoconfigure.web.servlet.WebDriverTestExecutionListener, org.springframework.boot.test.autoconfigure.webservices.client.MockWebServiceServerTestExecutionListener, org.springframework.boot.test.mock.mockito.MockitoTestExecutionListener, org.springframework.boot.test.mock.mockito.ResetMocksTestExecutionListener, org.springframework.test.context.web.ServletTestExecutionListener, org.springframework.test.context.support.DirtiesContextBeforeModesTestExecutionListener, org.springframework.test.context.event.ApplicationEventsTestExecutionListener, org.springframework.test.context.support.DependencyInjectionTestExecutionListener, org.springframework.test.context.support.DirtiesContextTestExecutionListener, org.springframework.test.context.transaction.TransactionalTestExecutionListener, org.springframework.test.context.jdbc.SqlScriptsTestExecutionListener, org.springframework.test.context.event.EventPublishingTestExecutionListener]
10:00:44.169 [Test worker] INFO org.springframework.boot.test.context.SpringBootTestContextBootstrapper - Using TestExecutionListeners: [org.springframework.test.context.web.ServletTestExecutionListener@28d6290, org.springframework.test.context.support.DirtiesContextBeforeModesTestExecutionListener@6ca0256d, org.springframework.test.context.event.ApplicationEventsTestExecutionListener@5ef0d29e, org.springframework.boot.test.mock.mockito.MockitoTestExecutionListener@38f57b3d, org.springframework.boot.test.autoconfigure.SpringBootDependencyInjectionTestExecutionListener@51850751, org.springframework.test.context.support.DirtiesContextTestExecutionListener@3ce3db41, org.springframework.test.context.transaction.TransactionalTestExecutionListener@64df9a61, org.springframework.test.context.jdbc.SqlScriptsTestExecutionListener@77602954, org.springframework.test.context.event.EventPublishingTestExecutionListener@e260766, org.springframework.boot.test.autoconfigure.restdocs.RestDocsTestExecutionListener@2c3dec30, org.springframework.boot.test.autoconfigure.web.client.MockRestServiceServerResetTestExecutionListener@34a97744, org.springframework.boot.test.autoconfigure.web.servlet.MockMvcPrintOnlyOnFailureTestExecutionListener@4275c20c, org.springframework.boot.test.autoconfigure.web.servlet.WebDriverTestExecutionListener@7c56e013, org.springframework.boot.test.autoconfigure.webservices.client.MockWebServiceServerTestExecutionListener@3fc9dfc5, org.springframework.boot.test.mock.mockito.ResetMocksTestExecutionListener@40258c2f]
10:00:44.172 [Test worker] DEBUG org.springframework.test.context.support.AbstractDirtiesContextTestExecutionListener - Before test class: context [DefaultTestContext@67389cb8 testClass = UserResourceTest, testInstance = [null], testMethod = [null], testException = [null], mergedContextConfiguration = [WebMergedContextConfiguration@419a20a6 testClass = UserResourceTest, locations = '{}', classes = '{class com.example.diamont.DiamontApplication}', contextInitializerClasses = '[]', activeProfiles = '{}', propertySourceLocations = '{}', propertySourceProperties = '{org.springframework.boot.test.context.SpringBootTestContextBootstrapper=true}', contextCustomizers = set[org.springframework.boot.test.autoconfigure.actuate.metrics.MetricsExportContextCustomizerFactory$DisableMetricExportContextCustomizer@5ba88be8, org.springframework.boot.test.autoconfigure.properties.PropertyMappingContextCustomizer@0, org.springframework.boot.test.autoconfigure.web.servlet.WebDriverContextCustomizerFactory$Customizer@e57b96d, org.springframework.boot.test.context.filter.ExcludeFilterContextCustomizer@c94fd30, org.springframework.boot.test.json.DuplicateJsonObjectContextCustomizerFactory$DuplicateJsonObjectContextCustomizer@7f0d96f2, org.springframework.boot.test.mock.mockito.MockitoContextCustomizer@0, org.springframework.boot.test.web.client.TestRestTemplateContextCustomizer@31c7528f, org.springframework.boot.test.context.SpringBootTestArgs@1, org.springframework.boot.test.context.SpringBootTestWebEnvironment@291b4bf5], resourceBasePath = 'src/main/webapp', contextLoader = 'org.springframework.boot.test.context.SpringBootContextLoader', parent = [null]], attributes = map['org.springframework.test.context.web.ServletTestExecutionListener.activateListener' -> true]], class annotated with @DirtiesContext [false] with mode [null].

  .   ____          _            __ _ _
 /\\ / ___'_ __ _ _(_)_ __  __ _ \ \ \ \
( ( )\___ | '_ | '_| | '_ \/ _` | \ \ \ \
 \\/  ___)| |_)| | | | | || (_| |  ) ) ) )
  '  |____| .__|_| |_|_| |_\__, | / / / /
 =========|_|==============|___/=/_/_/_/
 :: Spring Boot ::                (v2.6.6)

2022-04-06 10:00:44.627  INFO 80979 --- [    Test worker] c.e.diamont.resources.UserResourceTest   : Starting UserResourceTest using Java 17 on technocorp-lenovo-xiaoxin-310-15ikb-memoria-ramddr3-1600mhz with PID 80979 (started by technocorp in /home/technocorp/Documentos/ideaUltimate/project-diamont)
2022-04-06 10:00:44.631  INFO 80979 --- [    Test worker] c.e.diamont.resources.UserResourceTest   : The following 1 profile is active: "local"
2022-04-06 10:00:45.580  INFO 80979 --- [    Test worker] .s.d.r.c.RepositoryConfigurationDelegate : Bootstrapping Spring Data JPA repositories in DEFAULT mode.
2022-04-06 10:00:45.653  INFO 80979 --- [    Test worker] .s.d.r.c.RepositoryConfigurationDelegate : Finished Spring Data repository scanning in 61 ms. Found 1 JPA repository interfaces.
2022-04-06 10:00:46.335  INFO 80979 --- [    Test worker] com.zaxxer.hikari.HikariDataSource       : HikariPool-1 - Starting...
2022-04-06 10:00:46.550  INFO 80979 --- [    Test worker] com.zaxxer.hikari.HikariDataSource       : HikariPool-1 - Start completed.
2022-04-06 10:00:46.640  INFO 80979 --- [    Test worker] o.hibernate.jpa.internal.util.LogHelper  : HHH000204: Processing PersistenceUnitInfo [name: default]
2022-04-06 10:00:46.712  INFO 80979 --- [    Test worker] org.hibernate.Version                    : HHH000412: Hibernate ORM core version 5.6.7.Final
2022-04-06 10:00:46.937  INFO 80979 --- [    Test worker] o.hibernate.annotations.common.Version   : HCANN000001: Hibernate Commons Annotations {5.1.2.Final}
2022-04-06 10:00:47.091  INFO 80979 --- [    Test worker] org.hibernate.dialect.Dialect            : HHH000400: Using dialect: org.hibernate.dialect.H2Dialect
Hibernate: 
    
    drop table if exists user CASCADE 
Hibernate: 
    
    create table user (
       id integer generated by default as identity,
        email varchar(255),
        name varchar(255),
        password varchar(255),
        primary key (id)
    )
Hibernate: 
    
    alter table user 
       add constraint UK_ob8kqyqqgmefl0aco34akdtpe unique (email)
2022-04-06 10:00:47.779  INFO 80979 --- [    Test worker] o.h.e.t.j.p.i.JtaPlatformInitiator       : HHH000490: Using JtaPlatform implementation: [org.hibernate.engine.transaction.jta.platform.internal.NoJtaPlatform]
2022-04-06 10:00:47.790  INFO 80979 --- [    Test worker] j.LocalContainerEntityManagerFactoryBean : Initialized JPA EntityManagerFactory for persistence unit 'default'
Hibernate: 
    insert 
    into
        user
        (id, email, name, password) 
    values
        (default, ?, ?, ?)
Hibernate: 
    insert 
    into
        user
        (id, email, name, password) 
    values
        (default, ?, ?, ?)
2022-04-06 10:00:48.659  WARN 80979 --- [    Test worker] JpaBaseConfiguration$JpaWebConfiguration : spring.jpa.open-in-view is enabled by default. Therefore, database queries may be performed during view rendering. Explicitly configure spring.jpa.open-in-view to disable this warning
2022-04-06 10:00:48.967  INFO 80979 --- [    Test worker] o.s.b.a.h2.H2ConsoleAutoConfiguration    : H2 console available at '/h2-console'. Database available at 'jdbc:h2:mem:testdb'
2022-04-06 10:00:49.310  INFO 80979 --- [    Test worker] c.e.diamont.resources.UserResourceTest   : Started UserResourceTest in 5.097 seconds (JVM running for 6.831)
]]></system-out>
  <system-err><![CDATA[]]></system-err>
</testsuite>
