<?xml version="1.0" encoding="UTF-8"?>
<testsuite name="com.example.diamont.resources.exceptions.ResourceExceptionHandlerTest" tests="2" skipped="0" failures="0" errors="0" timestamp="2022-04-06T14:00:43" hostname="technocorp-lenovo-xiaoxin-310-15ikb-memoria-ramddr3-1600mhz" time="0.021">
  <properties/>
  <testcase name="dataIntegrityViolationException()" classname="com.example.diamont.resources.exceptions.ResourceExceptionHandlerTest" time="0.011"/>
  <testcase name="whenObjectNotFoundExceptionThenReturnAResponseEntity()" classname="com.example.diamont.resources.exceptions.ResourceExceptionHandlerTest" time="0.008"/>
  <system-out><![CDATA[2022-04-06 11:00:43.879  INFO 84396 --- [    Test worker] .b.t.c.SpringBootTestContextBootstrapper : Neither @ContextConfiguration nor @ContextHierarchy found for test class [com.example.diamont.resources.exceptions.ResourceExceptionHandlerTest], using SpringBootContextLoader
2022-04-06 11:00:43.880  INFO 84396 --- [    Test worker] o.s.t.c.support.AbstractContextLoader    : Could not detect default resource locations for test class [com.example.diamont.resources.exceptions.ResourceExceptionHandlerTest]: no resource found for suffixes {-context.xml, Context.groovy}.
2022-04-06 11:00:43.881  INFO 84396 --- [    Test worker] t.c.s.AnnotationConfigContextLoaderUtils : Could not detect default configuration classes for test class [com.example.diamont.resources.exceptions.ResourceExceptionHandlerTest]: ResourceExceptionHandlerTest does not declare any static, non-private, non-final, nested classes annotated with @Configuration.
2022-04-06 11:00:43.891  INFO 84396 --- [    Test worker] .b.t.c.SpringBootTestContextBootstrapper : Found @SpringBootConfiguration com.example.diamont.DiamontApplication for test class com.example.diamont.resources.exceptions.ResourceExceptionHandlerTest
2022-04-06 11:00:43.897  INFO 84396 --- [    Test worker] .b.t.c.SpringBootTestContextBootstrapper : Loaded default TestExecutionListener class names from location [META-INF/spring.factories]: [org.springframework.boot.test.autoconfigure.restdocs.RestDocsTestExecutionListener, org.springframework.boot.test.autoconfigure.web.client.MockRestServiceServerResetTestExecutionListener, org.springframework.boot.test.autoconfigure.web.servlet.MockMvcPrintOnlyOnFailureTestExecutionListener, org.springframework.boot.test.autoconfigure.web.servlet.WebDriverTestExecutionListener, org.springframework.boot.test.autoconfigure.webservices.client.MockWebServiceServerTestExecutionListener, org.springframework.boot.test.mock.mockito.MockitoTestExecutionListener, org.springframework.boot.test.mock.mockito.ResetMocksTestExecutionListener, org.springframework.test.context.web.ServletTestExecutionListener, org.springframework.test.context.support.DirtiesContextBeforeModesTestExecutionListener, org.springframework.test.context.event.ApplicationEventsTestExecutionListener, org.springframework.test.context.support.DependencyInjectionTestExecutionListener, org.springframework.test.context.support.DirtiesContextTestExecutionListener, org.springframework.test.context.transaction.TransactionalTestExecutionListener, org.springframework.test.context.jdbc.SqlScriptsTestExecutionListener, org.springframework.test.context.event.EventPublishingTestExecutionListener]
2022-04-06 11:00:43.899  INFO 84396 --- [    Test worker] .b.t.c.SpringBootTestContextBootstrapper : Using TestExecutionListeners: [org.springframework.test.context.web.ServletTestExecutionListener@3599b7e8, org.springframework.test.context.support.DirtiesContextBeforeModesTestExecutionListener@2862bac6, org.springframework.test.context.event.ApplicationEventsTestExecutionListener@52e5ad71, org.springframework.boot.test.mock.mockito.MockitoTestExecutionListener@696a6506, org.springframework.boot.test.autoconfigure.SpringBootDependencyInjectionTestExecutionListener@1134a934, org.springframework.test.context.support.DirtiesContextTestExecutionListener@2cbd855e, org.springframework.test.context.transaction.TransactionalTestExecutionListener@534c3b9d, org.springframework.test.context.jdbc.SqlScriptsTestExecutionListener@69b436a7, org.springframework.test.context.event.EventPublishingTestExecutionListener@5dfd4fac, org.springframework.boot.test.autoconfigure.restdocs.RestDocsTestExecutionListener@1d2aa638, org.springframework.boot.test.autoconfigure.web.client.MockRestServiceServerResetTestExecutionListener@2f08e6d3, org.springframework.boot.test.autoconfigure.web.servlet.MockMvcPrintOnlyOnFailureTestExecutionListener@67c1fc9b, org.springframework.boot.test.autoconfigure.web.servlet.WebDriverTestExecutionListener@50f65fe0, org.springframework.boot.test.autoconfigure.webservices.client.MockWebServiceServerTestExecutionListener@18a538a0, org.springframework.boot.test.mock.mockito.ResetMocksTestExecutionListener@70736b19]
]]></system-out>
  <system-err><![CDATA[]]></system-err>
</testsuite>
