<?xml version="1.0" encoding="UTF-8"?>
<testsuite name="com.example.diamont.resources.UserResourceTest" tests="5" skipped="0" failures="0" errors="0" timestamp="2022-04-06T14:00:43" hostname="technocorp-lenovo-xiaoxin-310-15ikb-memoria-ramddr3-1600mhz" time="0.185">
  <properties/>
  <testcase name="whenFindByIdThenReturnSucess()" classname="com.example.diamont.resources.UserResourceTest" time="0.072"/>
  <testcase name="whenDeleteThenReturnSucess()" classname="com.example.diamont.resources.UserResourceTest" time="0.022"/>
  <testcase name="whenUpdateThenReturnSucess()" classname="com.example.diamont.resources.UserResourceTest" time="0.011"/>
  <testcase name="whenCreateThenReturnCreated()" classname="com.example.diamont.resources.UserResourceTest" time="0.031"/>
  <testcase name="whenFindAllThenReturnListOfUserDto()" classname="com.example.diamont.resources.UserResourceTest" time="0.011"/>
  <system-out><![CDATA[2022-04-06 11:00:43.283  INFO 84396 --- [    Test worker] .b.t.c.SpringBootTestContextBootstrapper : Neither @ContextConfiguration nor @ContextHierarchy found for test class [com.example.diamont.resources.UserResourceTest], using SpringBootContextLoader
2022-04-06 11:00:43.284  INFO 84396 --- [    Test worker] o.s.t.c.support.AbstractContextLoader    : Could not detect default resource locations for test class [com.example.diamont.resources.UserResourceTest]: no resource found for suffixes {-context.xml, Context.groovy}.
2022-04-06 11:00:43.284  INFO 84396 --- [    Test worker] t.c.s.AnnotationConfigContextLoaderUtils : Could not detect default configuration classes for test class [com.example.diamont.resources.UserResourceTest]: UserResourceTest does not declare any static, non-private, non-final, nested classes annotated with @Configuration.
2022-04-06 11:00:43.299  INFO 84396 --- [    Test worker] .b.t.c.SpringBootTestContextBootstrapper : Found @SpringBootConfiguration com.example.diamont.DiamontApplication for test class com.example.diamont.resources.UserResourceTest
2022-04-06 11:00:43.303  INFO 84396 --- [    Test worker] .b.t.c.SpringBootTestContextBootstrapper : Loaded default TestExecutionListener class names from location [META-INF/spring.factories]: [org.springframework.boot.test.autoconfigure.restdocs.RestDocsTestExecutionListener, org.springframework.boot.test.autoconfigure.web.client.MockRestServiceServerResetTestExecutionListener, org.springframework.boot.test.autoconfigure.web.servlet.MockMvcPrintOnlyOnFailureTestExecutionListener, org.springframework.boot.test.autoconfigure.web.servlet.WebDriverTestExecutionListener, org.springframework.boot.test.autoconfigure.webservices.client.MockWebServiceServerTestExecutionListener, org.springframework.boot.test.mock.mockito.MockitoTestExecutionListener, org.springframework.boot.test.mock.mockito.ResetMocksTestExecutionListener, org.springframework.test.context.web.ServletTestExecutionListener, org.springframework.test.context.support.DirtiesContextBeforeModesTestExecutionListener, org.springframework.test.context.event.ApplicationEventsTestExecutionListener, org.springframework.test.context.support.DependencyInjectionTestExecutionListener, org.springframework.test.context.support.DirtiesContextTestExecutionListener, org.springframework.test.context.transaction.TransactionalTestExecutionListener, org.springframework.test.context.jdbc.SqlScriptsTestExecutionListener, org.springframework.test.context.event.EventPublishingTestExecutionListener]
2022-04-06 11:00:43.304  INFO 84396 --- [    Test worker] .b.t.c.SpringBootTestContextBootstrapper : Using TestExecutionListeners: [org.springframework.test.context.web.ServletTestExecutionListener@5ec25b61, org.springframework.test.context.support.DirtiesContextBeforeModesTestExecutionListener@7da40bf4, org.springframework.test.context.event.ApplicationEventsTestExecutionListener@75708130, org.springframework.boot.test.mock.mockito.MockitoTestExecutionListener@c651286, org.springframework.boot.test.autoconfigure.SpringBootDependencyInjectionTestExecutionListener@40304938, org.springframework.test.context.support.DirtiesContextTestExecutionListener@1d160161, org.springframework.test.context.transaction.TransactionalTestExecutionListener@6c9e7af2, org.springframework.test.context.jdbc.SqlScriptsTestExecutionListener@48cbb4c5, org.springframework.test.context.event.EventPublishingTestExecutionListener@af04d6d, org.springframework.boot.test.autoconfigure.restdocs.RestDocsTestExecutionListener@2740585b, org.springframework.boot.test.autoconfigure.web.client.MockRestServiceServerResetTestExecutionListener@3816efab, org.springframework.boot.test.autoconfigure.web.servlet.MockMvcPrintOnlyOnFailureTestExecutionListener@2d6e09f0, org.springframework.boot.test.autoconfigure.web.servlet.WebDriverTestExecutionListener@257da215, org.springframework.boot.test.autoconfigure.webservices.client.MockWebServiceServerTestExecutionListener@5aa461, org.springframework.boot.test.mock.mockito.ResetMocksTestExecutionListener@f3e6876]
]]></system-out>
  <system-err><![CDATA[]]></system-err>
</testsuite>
