<?xml version="1.0" encoding="UTF-8"?>
<testsuite name="com.example.diamont.resources.exceptions.ResourceExceptionHandlerTest" tests="1" skipped="0" failures="0" errors="0" timestamp="2022-04-06T13:43:43" hostname="technocorp-lenovo-xiaoxin-310-15ikb-memoria-ramddr3-1600mhz" time="0.079">
  <properties/>
  <testcase name="whenObjectNotFoundExceptionThenReturnAResponseEntity()" classname="com.example.diamont.resources.exceptions.ResourceExceptionHandlerTest" time="0.079"/>
  <system-out><![CDATA[10:43:36.145 [Test worker] DEBUG org.springframework.test.context.BootstrapUtils - Instantiating CacheAwareContextLoaderDelegate from class [org.springframework.test.context.cache.DefaultCacheAwareContextLoaderDelegate]
10:43:36.160 [Test worker] DEBUG org.springframework.test.context.BootstrapUtils - Instantiating BootstrapContext using constructor [public org.springframework.test.context.support.DefaultBootstrapContext(java.lang.Class,org.springframework.test.context.CacheAwareContextLoaderDelegate)]
10:43:36.236 [Test worker] DEBUG org.springframework.test.context.BootstrapUtils - Instantiating TestContextBootstrapper for test class [com.example.diamont.resources.exceptions.ResourceExceptionHandlerTest] from class [org.springframework.boot.test.context.SpringBootTestContextBootstrapper]
10:43:36.260 [Test worker] INFO org.springframework.boot.test.context.SpringBootTestContextBootstrapper - Neither @ContextConfiguration nor @ContextHierarchy found for test class [com.example.diamont.resources.exceptions.ResourceExceptionHandlerTest], using SpringBootContextLoader
10:43:36.268 [Test worker] DEBUG org.springframework.test.context.support.AbstractContextLoader - Did not detect default resource location for test class [com.example.diamont.resources.exceptions.ResourceExceptionHandlerTest]: class path resource [com/example/diamont/resources/exceptions/ResourceExceptionHandlerTest-context.xml] does not exist
10:43:36.269 [Test worker] DEBUG org.springframework.test.context.support.AbstractContextLoader - Did not detect default resource location for test class [com.example.diamont.resources.exceptions.ResourceExceptionHandlerTest]: class path resource [com/example/diamont/resources/exceptions/ResourceExceptionHandlerTestContext.groovy] does not exist
10:43:36.270 [Test worker] INFO org.springframework.test.context.support.AbstractContextLoader - Could not detect default resource locations for test class [com.example.diamont.resources.exceptions.ResourceExceptionHandlerTest]: no resource found for suffixes {-context.xml, Context.groovy}.
10:43:36.271 [Test worker] INFO org.springframework.test.context.support.AnnotationConfigContextLoaderUtils - Could not detect default configuration classes for test class [com.example.diamont.resources.exceptions.ResourceExceptionHandlerTest]: ResourceExceptionHandlerTest does not declare any static, non-private, non-final, nested classes annotated with @Configuration.
10:43:36.339 [Test worker] DEBUG org.springframework.test.context.support.ActiveProfilesUtils - Could not find an 'annotation declaring class' for annotation type [org.springframework.test.context.ActiveProfiles] and class [com.example.diamont.resources.exceptions.ResourceExceptionHandlerTest]
10:43:36.476 [Test worker] DEBUG org.springframework.context.annotation.ClassPathScanningCandidateComponentProvider - Identified candidate component class: file [/home/technocorp/Documentos/ideaUltimate/project-diamont/build/classes/java/main/com/example/diamont/DiamontApplication.class]
10:43:36.477 [Test worker] INFO org.springframework.boot.test.context.SpringBootTestContextBootstrapper - Found @SpringBootConfiguration com.example.diamont.DiamontApplication for test class com.example.diamont.resources.exceptions.ResourceExceptionHandlerTest
10:43:36.618 [Test worker] DEBUG org.springframework.boot.test.context.SpringBootTestContextBootstrapper - @TestExecutionListeners is not present for class [com.example.diamont.resources.exceptions.ResourceExceptionHandlerTest]: using defaults.
10:43:36.620 [Test worker] INFO org.springframework.boot.test.context.SpringBootTestContextBootstrapper - Loaded default TestExecutionListener class names from location [META-INF/spring.factories]: [org.springframework.boot.test.autoconfigure.restdocs.RestDocsTestExecutionListener, org.springframework.boot.test.autoconfigure.web.client.MockRestServiceServerResetTestExecutionListener, org.springframework.boot.test.autoconfigure.web.servlet.MockMvcPrintOnlyOnFailureTestExecutionListener, org.springframework.boot.test.autoconfigure.web.servlet.WebDriverTestExecutionListener, org.springframework.boot.test.autoconfigure.webservices.client.MockWebServiceServerTestExecutionListener, org.springframework.boot.test.mock.mockito.MockitoTestExecutionListener, org.springframework.boot.test.mock.mockito.ResetMocksTestExecutionListener, org.springframework.test.context.web.ServletTestExecutionListener, org.springframework.test.context.support.DirtiesContextBeforeModesTestExecutionListener, org.springframework.test.context.event.ApplicationEventsTestExecutionListener, org.springframework.test.context.support.DependencyInjectionTestExecutionListener, org.springframework.test.context.support.DirtiesContextTestExecutionListener, org.springframework.test.context.transaction.TransactionalTestExecutionListener, org.springframework.test.context.jdbc.SqlScriptsTestExecutionListener, org.springframework.test.context.event.EventPublishingTestExecutionListener]
10:43:36.640 [Test worker] INFO org.springframework.boot.test.context.SpringBootTestContextBootstrapper - Using TestExecutionListeners: [org.springframework.test.context.web.ServletTestExecutionListener@72445aba, org.springframework.test.context.support.DirtiesContextBeforeModesTestExecutionListener@61bcd567, org.springframework.test.context.event.ApplicationEventsTestExecutionListener@1c80e49b, org.springframework.boot.test.mock.mockito.MockitoTestExecutionListener@458342d3, org.springframework.boot.test.autoconfigure.SpringBootDependencyInjectionTestExecutionListener@15c25153, org.springframework.test.context.support.DirtiesContextTestExecutionListener@1252b961, org.springframework.test.context.transaction.TransactionalTestExecutionListener@9ed238c, org.springframework.test.context.jdbc.SqlScriptsTestExecutionListener@56276db8, org.springframework.test.context.event.EventPublishingTestExecutionListener@51e8e6e6, org.springframework.boot.test.autoconfigure.restdocs.RestDocsTestExecutionListener@56f6d40b, org.springframework.boot.test.autoconfigure.web.client.MockRestServiceServerResetTestExecutionListener@36676c1a, org.springframework.boot.test.autoconfigure.web.servlet.MockMvcPrintOnlyOnFailureTestExecutionListener@5b408dc3, org.springframework.boot.test.autoconfigure.web.servlet.WebDriverTestExecutionListener@4d098f9b, org.springframework.boot.test.autoconfigure.webservices.client.MockWebServiceServerTestExecutionListener@2dbf4cbd, org.springframework.boot.test.mock.mockito.ResetMocksTestExecutionListener@20b5f2ac]
10:43:36.648 [Test worker] DEBUG org.springframework.test.context.support.AbstractDirtiesContextTestExecutionListener - Before test class: context [DefaultTestContext@2756c0a7 testClass = ResourceExceptionHandlerTest, testInstance = [null], testMethod = [null], testException = [null], mergedContextConfiguration = [WebMergedContextConfiguration@350ec41e testClass = ResourceExceptionHandlerTest, locations = '{}', classes = '{class com.example.diamont.DiamontApplication}', contextInitializerClasses = '[]', activeProfiles = '{}', propertySourceLocations = '{}', propertySourceProperties = '{org.springframework.boot.test.context.SpringBootTestContextBootstrapper=true}', contextCustomizers = set[org.springframework.boot.test.autoconfigure.actuate.metrics.MetricsExportContextCustomizerFactory$DisableMetricExportContextCustomizer@7582ff54, org.springframework.boot.test.autoconfigure.properties.PropertyMappingContextCustomizer@0, org.springframework.boot.test.autoconfigure.web.servlet.WebDriverContextCustomizerFactory$Customizer@5ddf0d24, org.springframework.boot.test.context.filter.ExcludeFilterContextCustomizer@141e5bef, org.springframework.boot.test.json.DuplicateJsonObjectContextCustomizerFactory$DuplicateJsonObjectContextCustomizer@66c61024, org.springframework.boot.test.mock.mockito.MockitoContextCustomizer@0, org.springframework.boot.test.web.client.TestRestTemplateContextCustomizer@5bf0fe62, org.springframework.boot.test.context.SpringBootTestArgs@1, org.springframework.boot.test.context.SpringBootTestWebEnvironment@6db9f5a4], resourceBasePath = 'src/main/webapp', contextLoader = 'org.springframework.boot.test.context.SpringBootContextLoader', parent = [null]], attributes = map['org.springframework.test.context.web.ServletTestExecutionListener.activateListener' -> true]], class annotated with @DirtiesContext [false] with mode [null].

  .   ____          _            __ _ _
 /\\ / ___'_ __ _ _(_)_ __  __ _ \ \ \ \
( ( )\___ | '_ | '_| | '_ \/ _` | \ \ \ \
 \\/  ___)| |_)| | | | | || (_| |  ) ) ) )
  '  |____| .__|_| |_|_| |_\__, | / / / /
 =========|_|==============|___/=/_/_/_/
 :: Spring Boot ::                (v2.6.6)

2022-04-06 10:43:37.187  INFO 83369 --- [    Test worker] c.e.d.r.e.ResourceExceptionHandlerTest   : Starting ResourceExceptionHandlerTest using Java 17 on technocorp-lenovo-xiaoxin-310-15ikb-memoria-ramddr3-1600mhz with PID 83369 (started by technocorp in /home/technocorp/Documentos/ideaUltimate/project-diamont)
2022-04-06 10:43:37.190  INFO 83369 --- [    Test worker] c.e.d.r.e.ResourceExceptionHandlerTest   : The following 1 profile is active: "local"
2022-04-06 10:43:38.557  INFO 83369 --- [    Test worker] .s.d.r.c.RepositoryConfigurationDelegate : Bootstrapping Spring Data JPA repositories in DEFAULT mode.
2022-04-06 10:43:38.645  INFO 83369 --- [    Test worker] .s.d.r.c.RepositoryConfigurationDelegate : Finished Spring Data repository scanning in 74 ms. Found 1 JPA repository interfaces.
2022-04-06 10:43:39.556  INFO 83369 --- [    Test worker] com.zaxxer.hikari.HikariDataSource       : HikariPool-1 - Starting...
2022-04-06 10:43:39.835  INFO 83369 --- [    Test worker] com.zaxxer.hikari.HikariDataSource       : HikariPool-1 - Start completed.
2022-04-06 10:43:39.944  INFO 83369 --- [    Test worker] o.hibernate.jpa.internal.util.LogHelper  : HHH000204: Processing PersistenceUnitInfo [name: default]
2022-04-06 10:43:40.026  INFO 83369 --- [    Test worker] org.hibernate.Version                    : HHH000412: Hibernate ORM core version 5.6.7.Final
2022-04-06 10:43:40.287  INFO 83369 --- [    Test worker] o.hibernate.annotations.common.Version   : HCANN000001: Hibernate Commons Annotations {5.1.2.Final}
2022-04-06 10:43:40.476  INFO 83369 --- [    Test worker] org.hibernate.dialect.Dialect            : HHH000400: Using dialect: org.hibernate.dialect.H2Dialect
Hibernate: 
    
    drop table if exists user CASCADE 
Hibernate: 
    
    create table user (
       id integer generated by default as identity,
        email varchar(255),
        name varchar(255),
        password varchar(255),
        primary key (id)
    )
Hibernate: 
    
    alter table user 
       add constraint UK_ob8kqyqqgmefl0aco34akdtpe unique (email)
2022-04-06 10:43:41.368  INFO 83369 --- [    Test worker] o.h.e.t.j.p.i.JtaPlatformInitiator       : HHH000490: Using JtaPlatform implementation: [org.hibernate.engine.transaction.jta.platform.internal.NoJtaPlatform]
2022-04-06 10:43:41.381  INFO 83369 --- [    Test worker] j.LocalContainerEntityManagerFactoryBean : Initialized JPA EntityManagerFactory for persistence unit 'default'
Hibernate: 
    insert 
    into
        user
        (id, email, name, password) 
    values
        (default, ?, ?, ?)
Hibernate: 
    insert 
    into
        user
        (id, email, name, password) 
    values
        (default, ?, ?, ?)
2022-04-06 10:43:42.499  WARN 83369 --- [    Test worker] JpaBaseConfiguration$JpaWebConfiguration : spring.jpa.open-in-view is enabled by default. Therefore, database queries may be performed during view rendering. Explicitly configure spring.jpa.open-in-view to disable this warning
2022-04-06 10:43:42.928  INFO 83369 --- [    Test worker] o.s.b.a.h2.H2ConsoleAutoConfiguration    : H2 console available at '/h2-console'. Database available at 'jdbc:h2:mem:testdb'
2022-04-06 10:43:43.401  INFO 83369 --- [    Test worker] c.e.d.r.e.ResourceExceptionHandlerTest   : Started ResourceExceptionHandlerTest in 6.699 seconds (JVM running for 8.401)
]]></system-out>
  <system-err><![CDATA[]]></system-err>
</testsuite>
